<?xml version="1.0" encoding="UTF-8"?>
<!-- Generated by org.testng.reporters.JUnitReportReporter -->
<testsuite skipped="0" hostname="AIPL2361LT06766" name="com.qa.labs.tests.LoginPageTest" tests="3" failures="0" timestamp="12 Jul 2020 08:58:32 GMT" time="32.107" errors="0">
  <testcase name="verifySignUlLinkTest" time="30.964" classname="com.qa.labs.tests.LoginPageTest"/>
  <testcase name="verifyLoginPageTitle" time="0.019" classname="com.qa.labs.tests.LoginPageTest"/>
  <testcase name="loginTest" time="1.124" classname="com.qa.labs.tests.LoginPageTest"/>
</testsuite> <!-- com.qa.labs.tests.LoginPageTest -->
