<?xml version="1.0" encoding="UTF-8"?>
<!-- Generated by org.testng.reporters.JUnitReportReporter -->
<testsuite skipped="0" hostname="AIPL2361LT06766" name="com.qa.labs.tests.HomePageTest" tests="3" failures="0" timestamp="13 Jul 2020 05:41:42 GMT" time="4.423" errors="0">
  <testcase name="verifyLoggedInUserText" time="4.295" classname="com.qa.labs.tests.HomePageTest"/>
  <testcase name="verifyHomePageHeader" time="0.110" classname="com.qa.labs.tests.HomePageTest"/>
  <testcase name="verifyHomePageTitle" time="0.018" classname="com.qa.labs.tests.HomePageTest"/>
</testsuite> <!-- com.qa.labs.tests.HomePageTest -->
