<?xml version="1.0" encoding="UTF-8"?>
<!-- Generated by org.testng.reporters.JUnitReportReporter -->
<testsuite skipped="0" hostname="AIPL2361LT06766" name="com.qa.labs.tests.ContactsPageTest" tests="1" failures="0" timestamp="13 Jul 2020 05:39:12 GMT" time="0.038" errors="0">
  <testcase name="verifyContactsPageTitleTest" time="0.038" classname="com.qa.labs.tests.ContactsPageTest"/>
</testsuite> <!-- com.qa.labs.tests.ContactsPageTest -->
