<?xml version="1.0" encoding="UTF-8"?>
<!-- Generated by org.testng.reporters.JUnitReportReporter -->
<testsuite skipped="0" hostname="AIPL2361LT06766" name="com.qa.labs.tests.LoginPageTest" tests="3" failures="0" timestamp="2020-07-11T22:58:24 IST" time="9.887" errors="0">
  <testcase name="verifySignUlLinkTest" time="9.296" classname="com.qa.labs.tests.LoginPageTest"/>
  <system-out/>
  <testcase name="verifyLoginPageTitle" time="0.021" classname="com.qa.labs.tests.LoginPageTest"/>
  <system-out/>
  <testcase name="loginTest" time="0.570" classname="com.qa.labs.tests.LoginPageTest"/>
  <system-out/>
</testsuite> <!-- com.qa.labs.tests.LoginPageTest -->
