<?xml version="1.0" encoding="UTF-8"?>
<!-- Generated by org.testng.reporters.JUnitReportReporter -->
<testsuite skipped="0" hostname="AIPL2361LT06766" name="com.qa.labs.tests.LoginPageTest" tests="6" failures="0" timestamp="13 Jul 2020 10:48:24 GMT" time="18.857" errors="0">
  <testcase name="verifySignUlLinkTest" time="8.006" classname="com.qa.labs.tests.LoginPageTest"/>
  <testcase name="verifySignUlLinkTest" time="7.656" classname="com.qa.labs.tests.LoginPageTest"/>
  <testcase name="verifyLoginPageTitle" time="0.274" classname="com.qa.labs.tests.LoginPageTest"/>
  <testcase name="verifyLoginPageTitle" time="0.052" classname="com.qa.labs.tests.LoginPageTest"/>
  <testcase name="loginTest" time="1.547" classname="com.qa.labs.tests.LoginPageTest"/>
  <testcase name="loginTest" time="1.322" classname="com.qa.labs.tests.LoginPageTest"/>
</testsuite> <!-- com.qa.labs.tests.LoginPageTest -->
