<?xml version="1.0" encoding="UTF-8"?>
<!-- Generated by org.testng.reporters.JUnitReportReporter -->
<testsuite skipped="0" hostname="AIPL2361LT06766" name="com.qa.labs.tests.HomePageTest" tests="3" failures="0" timestamp="2020-07-11T22:58:24 IST" time="6.973" errors="0">
  <testcase name="verifyLoggedInUserText" time="6.605" classname="com.qa.labs.tests.HomePageTest"/>
  <system-out/>
  <testcase name="verifyHomePageHeader" time="0.130" classname="com.qa.labs.tests.HomePageTest"/>
  <system-out/>
  <testcase name="verifyHomePageTitle" time="0.238" classname="com.qa.labs.tests.HomePageTest"/>
  <system-out/>
</testsuite> <!-- com.qa.labs.tests.HomePageTest -->
